Log file open, 05/18/17 14:54:03
LogInit:Display: Running engine for game: Jacura
LogPlatformFile: Not using cached read wrapper
LogInit:Display: RandInit(-3464303) SRandInit(-3464303).
LogTaskGraph: Started task graph with 5 named threads and 8 total threads with 1 sets of task threads.
LogStats: Stats thread started at 0.105488
LogInit: Using libcurl 7.47.1
LogInit:  - built for x86_64-pc-win32
LogInit:  - supports SSL with OpenSSL/1.0.2g
LogInit:  - supports HTTP deflate (compression) using libz 1.2.8
LogInit:  - other features:
LogInit:      CURL_VERSION_SSL
LogInit:      CURL_VERSION_LIBZ
LogInit:      CURL_VERSION_IPV6
LogInit:      CURL_VERSION_ASYNCHDNS
LogInit:      CURL_VERSION_LARGEFILE
LogInit:      CURL_VERSION_IDN
LogInit:  CurlRequestOptions (configurable via config and command line):
LogInit:  - bVerifyPeer = false  - Libcurl will NOT verify peer certificate
LogInit:  - bUseHttpProxy = false  - Libcurl will NOT use HTTP proxy
LogInit:  - bDontReuseConnections = false  - Libcurl will reuse connections
LogInit:  - CertBundlePath = nullptr  - Libcurl will use whatever was configured at build time.
LogInit: Build: ++UE4+Release-4.15-CL-3416026
LogInit: Engine Version: 4.15.2-3416026+++UE4+Release-4.15
LogInit: Compatible Engine Version: 4.15.0-3299760+++UE4+Release-4.15
LogInit: Net CL: 3299760
LogDevObjectVersion: Number of dev versions registered: 14
LogDevObjectVersion:   Dev-Blueprints (B0D832E4-1F89-4F0D-ACCF-7EB736FD4AA2): 8
LogDevObjectVersion:   Dev-Build (E1C64328-A22C-4D53-A36C-8E866417BD8C): 0
LogDevObjectVersion:   Dev-Core (375EC13C-06E4-48FB-B500-84F0262A717E): 2
LogDevObjectVersion:   Dev-Editor (E4B068ED-F494-42E9-A231-DA0B2E46BB41): 14
LogDevObjectVersion:   Dev-Framework (CFFC743F-43B0-4480-9391-14DF171D2073): 22
LogDevObjectVersion:   Dev-Mobile (B02B49B5-BB20-44E9-A304-32B752E40360): 0
LogDevObjectVersion:   Dev-Networking (A4E4105C-59A1-49B5-A7C5-40C4547EDFEE): 0
LogDevObjectVersion:   Dev-Online (39C831C9-5AE6-47DC-9A44-9C173E1C8E7C): 0
LogDevObjectVersion:   Dev-Physics (78F01B33-EBEA-4F98-B9B4-84EACCB95AA2): 0
LogDevObjectVersion:   Dev-Platform (6631380F-2D4D-43E0-8009-CF276956A95A): 0
LogDevObjectVersion:   Dev-Rendering (12F88B9F-8875-4AFC-A67C-D90C383ABD29): 12
LogDevObjectVersion:   Dev-Sequencer (7B5AE74C-D270-4C10-A958-57980B212A5A): 3
LogDevObjectVersion:   Dev-VR (D7296918-1DD6-4BDD-9DE2-64A83CC13884): 0
LogDevObjectVersion:   Dev-LoadTimes (C2A15278-BFE7-4AFE-6C17-90FF531DF755): 1
LogInit: Compiled (64-bit): May  1 2017 13:11:28
LogInit: Compiled with Visual C++: 19.00.23026.00
LogInit: Build Configuration: Development
LogInit: Branch Name: ++UE4+Release-4.15
LogInit: Command line:  
LogInit: Base directory: C:/Program Files/Epic Games/UE_4.15/Engine/Binaries/Win64/
LogInit: Installed Engine Build: 1
LogInit: Presizing for max 8388607 objects, including 0 objects not considered by GC, pre-allocating 0 bytes for permanent pool.
LogInit: Object subsystem initialized
[2017.05.18-19.54.04:550][  0]LogInit: Selected Device Profile: [Windows]
[2017.05.18-19.54.04:550][  0]LogInit: Applying CVar settings loaded from the selected device profile: [Windows]
[2017.05.18-19.54.04:579][  0]LogInit: Computer: DESKTOP-MDA6KLD
[2017.05.18-19.54.04:579][  0]LogInit: User: Joshua
[2017.05.18-19.54.04:579][  0]LogInit: CPU Page size=65536, Cores=4
[2017.05.18-19.54.04:579][  0]LogInit: High frequency timer resolution =3.421878 MHz
[2017.05.18-19.54.04:580][  0]LogMemory: Memory total: Physical=16.0GB (16GB approx)
[2017.05.18-19.54.04:580][  0]LogMemory: Platform Memory Stats for Windows
[2017.05.18-19.54.04:580][  0]LogMemory: Process Physical Memory: 262.03 MB used, 262.03 MB peak
[2017.05.18-19.54.04:580][  0]LogMemory: Process Virtual Memory: 262.55 MB used, 262.55 MB peak
[2017.05.18-19.54.04:580][  0]LogMemory: Physical Memory: 3409.74 MB used,  12937.15 MB free, 16346.89 MB total
[2017.05.18-19.54.04:580][  0]LogMemory: Virtual Memory: 644.39 MB used,  12937.15 MB free, 134217728.00 MB total
[2017.05.18-19.54.04:885][  0]LogTextLocalizationManager: No specific translations for ('en-US') exist, so ('en') translations will be used.
[2017.05.18-19.54.07:121][  0]LogD3D11RHI: D3D11 adapters:
[2017.05.18-19.54.07:142][  0]LogD3D11RHI:    0. 'NVIDIA GeForce GTX 1070' (Feature Level 11_0)
[2017.05.18-19.54.07:142][  0]LogD3D11RHI:       8145/0/8173 MB DedicatedVideo/DedicatedSystem/SharedSystem, Outputs:1, VendorId:0x10de
[2017.05.18-19.54.07:143][  0]LogD3D11RHI:    1. 'Microsoft Basic Render Driver' (Feature Level 11_0)
[2017.05.18-19.54.07:143][  0]LogD3D11RHI:       0/0/8173 MB DedicatedVideo/DedicatedSystem/SharedSystem, Outputs:0, VendorId:0x1414
[2017.05.18-19.54.07:143][  0]LogD3D11RHI: Chosen D3D11 Adapter: 0
[2017.05.18-19.54.07:148][  0]LogD3D11RHI: Creating new Direct3DDevice
[2017.05.18-19.54.07:148][  0]LogD3D11RHI:     GPU DeviceId: 0x1b81 (for the marketing name, search the web for "GPU Device Id")
[2017.05.18-19.54.07:148][  0]LogWindows: EnumDisplayDevices:
[2017.05.18-19.54.07:148][  0]LogWindows:    0. 'NVIDIA GeForce GTX 1070' (P:1 D:1)
[2017.05.18-19.54.07:149][  0]LogWindows:    1. 'NVIDIA GeForce GTX 1070' (P:0 D:0)
[2017.05.18-19.54.07:149][  0]LogWindows:    2. 'NVIDIA GeForce GTX 1070' (P:0 D:0)
[2017.05.18-19.54.07:149][  0]LogWindows:    3. 'NVIDIA GeForce GTX 1070' (P:0 D:0)
[2017.05.18-19.54.07:149][  0]LogWindows: DebugString: FoundDriverCount:4 
[2017.05.18-19.54.07:149][  0]LogD3D11RHI:     Adapter Name: NVIDIA GeForce GTX 1070
[2017.05.18-19.54.07:149][  0]LogD3D11RHI:   Driver Version: 376.53 (internal:21.21.13.7653, unified:376.53)
[2017.05.18-19.54.07:149][  0]LogD3D11RHI:      Driver Date: 12-29-2016
[2017.05.18-19.54.07:149][  0]LogRHI: Texture pool is 1361 MB (70% of 1945 MB)
[2017.05.18-19.54.07:164][  0]LogD3D11RHI: [Aftermath] Aftermath enabled but failed to initialize due to reason: DriverVersionNotSupported
[2017.05.18-19.54.07:164][  0]LogD3D11RHI: Async texture creation enabled
[2017.05.18-19.54.07:189][  0]LogD3D11RHI: GPU Timing Frequency: 1000.000000 (Debug: 2 1)
[2017.05.18-19.54.07:237][  0]LogShaderCompilers: Guid format shader working directory is -30 characters bigger than the processId version (../../../../../../Users/Joshua/Desktop/JacuraDevelopment/UnrealProject/Jacura/Intermediate/Shaders/WorkingDirectory/4580/).
[2017.05.18-19.54.07:237][  0]LogShaderCompilers: Cleaned the shader compiler working directory 'C:/Users/Joshua/AppData/Local/Temp/UnrealShaderWorkingDir/279E1F3D4F6F886E305966B407C3B8E4/'.
[2017.05.18-19.54.07:237][  0]LogShaderCompilers:Display: Using Local Shader Compiler.
[2017.05.18-19.54.09:553][  0]LogTemp:Display: Loaded TP AllDesktopTargetPlatform
[2017.05.18-19.54.09:600][  0]LogTemp:Display: Loaded TP MacClientTargetPlatform
[2017.05.18-19.54.09:648][  0]LogTemp:Display: Loaded TP MacNoEditorTargetPlatform
[2017.05.18-19.54.09:695][  0]LogTemp:Display: Loaded TP MacServerTargetPlatform
[2017.05.18-19.54.09:746][  0]LogTemp:Display: Loaded TP MacTargetPlatform
[2017.05.18-19.54.09:793][  0]LogTemp:Display: Loaded TP WindowsClientTargetPlatform
[2017.05.18-19.54.09:839][  0]LogTemp:Display: Loaded TP WindowsNoEditorTargetPlatform
[2017.05.18-19.54.09:886][  0]LogTemp:Display: Loaded TP WindowsServerTargetPlatform
[2017.05.18-19.54.09:926][  0]LogTemp:Display: Loaded TP WindowsTargetPlatform
[2017.05.18-19.54.09:976][  0]LogTemp:Display: Loaded TP AndroidTargetPlatform
[2017.05.18-19.54.10:024][  0]LogTemp:Display: Loaded TP Android_ASTCTargetPlatform
[2017.05.18-19.54.10:072][  0]LogTemp:Display: Loaded TP Android_ATCTargetPlatform
[2017.05.18-19.54.10:119][  0]LogTemp:Display: Loaded TP Android_DXTTargetPlatform
[2017.05.18-19.54.10:165][  0]LogTemp:Display: Loaded TP Android_ETC1TargetPlatform
[2017.05.18-19.54.10:210][  0]LogTemp:Display: Loaded TP Android_ETC2TargetPlatform
[2017.05.18-19.54.10:303][  0]LogTemp:Display: Loaded TP Android_MultiTargetPlatform
[2017.05.18-19.54.10:303][  0]LogTemp:Display: Loaded TP Android_PVRTCTargetPlatform
[2017.05.18-19.54.10:336][  0]LogTemp:Display: Loaded TP HTML5TargetPlatform
[2017.05.18-19.54.10:447][  0]LogTemp:Display: Loaded TP IOSTargetPlatform
[2017.05.18-19.54.10:478][  0]LogTemp:Display: Loaded TP TVOSTargetPlatform
[2017.05.18-19.54.10:522][  0]LogTemp:Display: Loaded TP LinuxClientTargetPlatform
[2017.05.18-19.54.10:567][  0]LogTemp:Display: Loaded TP LinuxNoEditorTargetPlatform
[2017.05.18-19.54.10:612][  0]LogTemp:Display: Loaded TP LinuxServerTargetPlatform
[2017.05.18-19.54.10:661][  0]LogTemp:Display: Loaded TP LinuxTargetPlatform
[2017.05.18-19.54.10:661][  0]LogTargetPlatformManager:Display: Building Assets For Windows
[2017.05.18-19.54.11:250][  0]LogDerivedDataCache:Display: Max Cache Size: 512 MB
[2017.05.18-19.54.11:438][  0]LogDerivedDataCache: Loaded boot cache 0.19s 50MB C:/Users/Joshua/AppData/Local/UnrealEngine/4.15/DerivedDataCache/Boot.ddc.
[2017.05.18-19.54.11:438][  0]LogDerivedDataCache:Display: Loaded Boot cache: C:/Users/Joshua/AppData/Local/UnrealEngine/4.15/DerivedDataCache/Boot.ddc
[2017.05.18-19.54.11:438][  0]LogDerivedDataCache: FDerivedDataBackendGraph:  Pak pak cache file ../../../../../../Users/Joshua/Desktop/JacuraDevelopment/UnrealProject/Jacura/DerivedDataCache/DDC.ddp not found, will not use a pak cache.
[2017.05.18-19.54.11:438][  0]LogDerivedDataCache: Unable to find inner node Pak for hierarchical cache Hierarchy.
[2017.05.18-19.54.11:438][  0]LogDerivedDataCache: FDerivedDataBackendGraph:  CompressedPak pak cache file ../../../../../../Users/Joshua/Desktop/JacuraDevelopment/UnrealProject/Jacura/DerivedDataCache/Compressed.ddp not found, will not use a pak cache.
[2017.05.18-19.54.11:438][  0]LogDerivedDataCache: Unable to find inner node CompressedPak for hierarchical cache Hierarchy.
[2017.05.18-19.54.11:463][  0]LogDerivedDataCache:Display: Pak cache opened for reading ../../../Engine/DerivedDataCache/Compressed.ddp.
[2017.05.18-19.54.11:475][  0]LogDerivedDataCache: Using Local data cache path C:/Users/Joshua/AppData/Local/UnrealEngine/Common/DerivedDataCache: Writable
[2017.05.18-19.54.11:496][  0]LogSlate: Using Freetype 2.6.0
[2017.05.18-19.54.11:513][  0]LogSlate: SlateFontCache - WITH_FREETYPE: 1, WITH_HARFBUZZ: 1
[2017.05.18-19.54.11:513][  0]LogSlate: SlateFontCache - WITH_FREETYPE: 1, WITH_HARFBUZZ: 1
[2017.05.18-19.54.14:068][  0]LogInit: Selected Device Profile: [Windows]
[2017.05.18-19.54.14:074][  0]LogContentStreaming: Texture pool size is 0.00 MB
[2017.05.18-19.54.14:318][  0]LogMeshUtilities: Using QuadricMeshReduction for automatic static mesh reduction
[2017.05.18-19.54.14:356][  0]LogSimplygon: Simplygon DLL not present - disabling.
[2017.05.18-19.54.14:396][  0]LogMeshUtilities: Using SimplygonSwarm for distributed automatic mesh merging
[2017.05.18-19.54.14:396][  0]LogMeshUtilities: No automatic skeletal mesh reduction module available
[2017.05.18-19.54.14:396][  0]LogMeshUtilities: No automatic mesh merging module available
[2017.05.18-19.54.15:553][  0]LogNetVersion: GetLocalNetworkVersion: CL: 3299760, ProjectName: jacura, ProjectVersion: , EngineNetworkVersion: 2, GameNetworkVersion: 0, NetworkChecksum: 2790971689
[2017.05.18-19.54.15:602][  0]LogAssetRegistry: FAssetRegistry took 0.0236 seconds to start up
[2017.05.18-19.54.15:659][  0]LogPackageLocalizationCache: Processed 3 localized package path(s) for 2 prioritized culture(s) in 0.030246 seconds
[2017.05.18-19.54.15:664][  0]LogUObjectArray: 32493 objects as part of root set at end of initial load.
[2017.05.18-19.54.15:664][  0]LogUObjectAllocator: 7077032 out of 0 bytes used by permanent object pool.
[2017.05.18-19.54.15:664][  0]LogUObjectArray: CloseDisregardForGC: 0/0 objects in disregard for GC pool
[2017.05.18-19.54.15:718][  0]LogInit: WinSock: version 1.1 (2.2), MaxSocks=32767, MaxUdp=65467
[2017.05.18-19.54.18:481][  0]LogTcpMessaging: Initializing TcpMessaging bridge
[2017.05.18-19.54.18:518][  0]LogUdpMessaging: Initializing bridge on interface 0.0.0.0:0 to multicast group 230.0.0.1:6666.
[2017.05.18-19.54.19:005][  0]LogMaterial: Uniform references updated for custom material expression Custom.
[2017.05.18-19.54.19:366][  0]SourceControl: Info Source control is disabled
[2017.05.18-19.54.19:367][  0]SourceControl: Info Source control is disabled
[2017.05.18-19.54.19:412][  0]SourceControl: Info Source control is disabled
[2017.05.18-19.54.19:454][  0]SourceControl: Info Source control is disabled
[2017.05.18-19.54.20:639][  0]LogEngine: Initializing Engine...
[2017.05.18-19.54.20:640][  0]LogHMD: Failed to initialize OpenVR with code 110
[2017.05.18-19.54.20:746][  0]LogStats: UGameplayTagsManager::ConstructGameplayTagTree: Construct from data asset -  0.000 s
[2017.05.18-19.54.20:746][  0]LogStats: UGameplayTagsManager::ConstructGameplayTagTree: GameplayTagTreeChangedEvent.Broadcast -  0.000 s
[2017.05.18-19.54.20:878][  0]LogAIModule: Creating AISystem for world Untitled
[2017.05.18-19.54.20:894][  0]LogInit: XAudio2 using 'Realtek HD Audio 2nd output (Realtek High Definition Audio)' : 2 channels at 48 kHz using 32 bits per sample (channel mask 0x3)
[2017.05.18-19.54.20:906][  0]LogInit: FAudioDevice initialized.
[2017.05.18-19.54.20:928][  0]LogDerivedDataCache: Saved boot cache 0.02s 50MB C:/Users/Joshua/AppData/Local/UnrealEngine/4.15/DerivedDataCache/Boot.ddc.
[2017.05.18-19.54.20:935][  0]LogInit: Texture streaming: Enabled
[2017.05.18-19.54.21:025][  0]LogEngineSessionManager: EngineSessionManager initialized
[2017.05.18-19.54.21:111][  0]LogWindowsTextInputMethodSystem:Display: IME system now deactivated.
[2017.05.18-19.54.21:183][  0]LogInit: Transaction tracking system initialized
[2017.05.18-19.54.21:512][  0]BlueprintLog: New page: Editor Load
[2017.05.18-19.54.22:335][  0]LocalizationService: Info Localization service is disabled
[2017.05.18-19.54.22:935][  0]LogConsoleResponse:Display: 
[2017.05.18-19.54.23:061][  0]LogCook:Display: Max memory allowance for cook 16384mb min free memory 0mb
[2017.05.18-19.54.23:061][  0]LogFileCache: Scanning file cache for directory 'C:/Users/Joshua/Desktop/JacuraDevelopment/UnrealProject/Jacura/Content/' took 0.01s
[2017.05.18-19.54.23:061][  0]LogCook:Display: Mobile HDR setting 1
[2017.05.18-19.54.23:998][  0]SourceControl: Info Source control is disabled
[2017.05.18-19.54.24:000][  0]Cmd: MAP LOAD FILE="../../../../../../Users/Joshua/Desktop/JacuraDevelopment/UnrealProject/Jacura/Content/ThirdPersonBP/Maps/ThirdPersonExampleMap.umap" TEMPLATE=0 SHOWPROGRESS=1 FEATURELEVEL=3
[2017.05.18-19.54.24:001][  0]LightingResults: New page: Lighting Build
[2017.05.18-19.54.24:043][  0]MapCheck: New page: Map Check
[2017.05.18-19.54.24:043][  0]LightingResults: New page: Lighting Build
[2017.05.18-19.54.24:386][  0]LogStaticMesh: Building static mesh evergreen_tree...
[2017.05.18-19.54.24:421][  0]LogStaticMesh: Built static mesh [0.04s] /Game/ThirdPersonBP/Blueprints/evergreen_tree.evergreen_tree
[2017.05.18-19.54.24:482][  0]LogMaterial: Missing cached shader map for material threeToneBrightnessShader1, compiling. 
[2017.05.18-19.54.24:482][  0]LogTemp:Display: Added material ShaderMap 0x000002158B0DF200 with Material 0x000002158A4C5180 to ShaderMapsBeingCompiled
[2017.05.18-19.54.24:515][  0]LogTemp:Display: Kicking off shader compilation for threeToneBrightnessShader1, GameThreadShaderMap 0x000002158B0DF200
[2017.05.18-19.54.24:517][  0]LogMaterial: Missing cached shader map for material threeToneBrightnessShader, compiling. 
[2017.05.18-19.54.24:518][  0]LogTemp:Display: Added material ShaderMap 0x000002158B510100 with Material 0x000002158A4C6680 to ShaderMapsBeingCompiled
[2017.05.18-19.54.24:534][  0]LogTemp:Display: Kicking off shader compilation for threeToneBrightnessShader, GameThreadShaderMap 0x000002158B510100
[2017.05.18-19.54.24:557][  0]LogTexture:Display: Building textures: HQ_Lightmap1_1 (AutoDXT, 1024X1024) - 54 MB total VRAM
[2017.05.18-19.54.25:064][  0]LogTexture:Display: Building textures: HQ_Lightmap1_2 (AutoDXT, 512X512) - 54 MB total VRAM
[2017.05.18-19.54.25:193][  0]LogTexture:Display: Building textures: HQ_Lightmap1_3 (AutoDXT, 64X64) - 54 MB total VRAM
[2017.05.18-19.54.25:207][  0]LogTexture:Display: Building textures: LQ_Lightmap_1_1 (DXT1, 1024X1024) - 54 MB total VRAM
[2017.05.18-19.54.25:359][  0]LogTexture:Display: Building textures: LQ_Lightmap_1_2 (DXT1, 512X512) - 54 MB total VRAM
[2017.05.18-19.54.25:417][  0]LogTexture:Display: Building textures: LQ_Lightmap_1_3 (DXT1, 64X64) - 54 MB total VRAM
[2017.05.18-19.54.25:428][  0]LogTexture:Display: Building textures: SkyOcclusion1_1 (AutoDXT, 1024X512) - 54 MB total VRAM
[2017.05.18-19.54.25:660][  0]LogTexture:Display: Building textures: SkyOcclusion1_2 (AutoDXT, 512X256) - 54 MB total VRAM
[2017.05.18-19.54.25:714][  0]LogTexture:Display: Building textures: SkyOcclusion1_3 (AutoDXT, 64X32) - 54 MB total VRAM
[2017.05.18-19.54.25:718][  0]LogTexture:Display: Building textures: ShadowMapTexture2D_2 (G8, 1024X1024) - 54 MB total VRAM
[2017.05.18-19.54.25:741][  0]LogTexture:Display: Building textures: ShadowMapTexture2D_3 (G8, 32X32) - 54 MB total VRAM
[2017.05.18-19.54.25:755][  0]LogAIModule: Creating AISystem for world ThirdPersonExampleMap
[2017.05.18-19.54.25:788][  0]LogEditorServer: Finished looking for orphan Actors (0.000 secs)
[2017.05.18-19.54.25:790][  0]Cmd: MAP CHECKDEP NOCLEARLOG
[2017.05.18-19.54.25:830][  0]MapCheck: Info Map check complete: 0 Error(s), 0 Warning(s), took 40.618ms to complete.
[2017.05.18-19.54.25:830][  0]LogFileHelpers: Loading map 'ThirdPersonExampleMap' took 1.832
[2017.05.18-19.54.26:063][  0]LogCollectionManager: Loaded 0 collections in 0.001252 seconds
[2017.05.18-19.54.26:146][  0]LogFileCache: Scanning file cache for directory 'C:/Users/Joshua/Desktop/JacuraDevelopment/UnrealProject/Jacura/Saved/Collections/' took 0.01s
[2017.05.18-19.54.26:146][  0]LogFileCache: Scanning file cache for directory 'C:/Users/Joshua/Desktop/JacuraDevelopment/UnrealProject/Jacura/Content/Developers/Joshua/Collections/' took 0.01s
[2017.05.18-19.54.26:146][  0]LogFileCache: Scanning file cache for directory 'C:/Users/Joshua/Desktop/JacuraDevelopment/UnrealProject/Jacura/Content/Collections/' took 0.01s
[2017.05.18-19.54.26:146][  0]LogCollectionManager: Rebuilt the GUID cache for 0 collections in 0.000006 seconds
[2017.05.18-19.54.26:155][  0]LogContentBrowser: Native class hierarchy populated in 0.0078 seconds. Added 2245 classes and 453 folders.
[2017.05.18-19.54.26:217][  0]LogContentBrowser: Native class hierarchy updated for 'WidgetCarousel' in 0.0004 seconds. Added 0 classes and 0 folders.
[2017.05.18-19.54.26:495][  0]LogContentBrowser: Native class hierarchy updated for 'AddContentDialog' in 0.0004 seconds. Added 0 classes and 0 folders.
[2017.05.18-19.54.26:537][  0]LogContentBrowser: Native class hierarchy updated for 'SceneOutliner' in 0.0004 seconds. Added 1 classes and 2 folders.
[2017.05.18-19.54.26:604][  0]LogCrashTracker: Crashtracker disabled due to settings.
[2017.05.18-19.54.26:613][  0]LogUObjectGlobals:Warning: Failed to find object 'Class None.'
[2017.05.18-19.54.26:678][  0]LogContentBrowser: Native class hierarchy updated for 'HierarchicalLODOutliner' in 0.0005 seconds. Added 1 classes and 2 folders.
[2017.05.18-19.54.26:678][  0]LogLoad: (Engine Initialization) Total time: 25.07 seconds
[2017.05.18-19.54.26:678][  0]LogLoad: (Engine Initialization) Total Blueprint compile time: 0.18 seconds
[2017.05.18-19.54.26:678][  0]LogExternalProfiler: Found external profiler: VSPerf
[2017.05.18-19.54.26:678][  0]LogExternalProfiler: Using external profiler: VSPerf
[2017.05.18-19.54.26:687][  0]LogOcInput: OculusInput pre-init called
[2017.05.18-19.54.26:704][  0]LogAssetRegistry: Asset discovery search completed in 11.1239 seconds
[2017.05.18-19.54.26:704][  0]LogCollectionManager: Rebuilt the object cache for 0 collections in 0.000005 seconds (found 0 objects)
[2017.05.18-19.54.26:704][  0]LogCollectionManager: Fixed up redirectors for 0 collections in 0.000233 seconds (updated 0 objects)
[2017.05.18-19.54.26:711][  0]LogContentStreaming: Texture pool size now 1000 MB
[2017.05.18-19.54.26:726][  0]LogSlate: Took 0.004540 seconds to synchronously load lazily loaded font '../../../Engine/Content/Slate/Fonts/Roboto-Regular.ttf' (155K)
[2017.05.18-19.54.26:734][  0]LogSlate: Took 0.004776 seconds to synchronously load lazily loaded font '../../../Engine/Content/Slate/Fonts/Roboto-Bold.ttf' (160K)
[2017.05.18-19.54.26:744][  0]LogSlate: Took 0.004422 seconds to synchronously load lazily loaded font '../../../Engine/Content/Editor/Slate/Fonts/FontAwesome.ttf' (139K)
[2017.05.18-19.54.26:880][  0]LogSlate: Took 0.004545 seconds to synchronously load lazily loaded font '../../../Engine/Content/Slate/Fonts/Roboto-Light.ttf' (159K)
[2017.05.18-19.54.26:917][  0]LogRenderer: Reallocating scene render targets to support 1208x576 NumSamples 1 (Frame:2).
[2017.05.18-19.54.29:448][288]LogTemp:Display: Finished compile of shader map 0x000002158B0DF200
[2017.05.18-19.54.29:448][288]LogTemp:Display: Shader map threeToneBrightnessShader1 complete, GameThreadShaderMap 0x000002158B0DF200, marking material threeToneBrightnessShader1 as finished
[2017.05.18-19.54.29:448][288]LogTemp:Display: Marking material as finished 0x000002158A4C5180
[2017.05.18-19.54.31:945][579]LogTemp:Display: Finished compile of shader map 0x000002158B510100
[2017.05.18-19.54.31:945][579]LogTemp:Display: Shader map threeToneBrightnessShader complete, GameThreadShaderMap 0x000002158B510100, marking material threeToneBrightnessShader as finished
[2017.05.18-19.54.31:945][579]LogTemp:Display: Marking material as finished 0x000002158A4C6680
[2017.05.18-19.54.58:893][236]LogTemp: Repeting last play command: Selected Viewport
[2017.05.18-19.54.58:904][236]LogBlueprintUserMessages: Early PlayInEditor Detection: Level '/Game/ThirdPersonBP/Maps/ThirdPersonExampleMap.ThirdPersonExampleMap:PersistentLevel' has LevelScriptBlueprint '/Game/ThirdPersonBP/Maps/ThirdPersonExampleMap.ThirdPersonExampleMap:PersistentLevel.ThirdPersonExampleMap' with GeneratedClass '/Game/ThirdPersonBP/Maps/ThirdPersonExampleMap.ThirdPersonExampleMap_C' with ClassGeneratedBy '/Game/ThirdPersonBP/Maps/ThirdPersonExampleMap.ThirdPersonExampleMap:PersistentLevel.ThirdPersonExampleMap'
[2017.05.18-19.54.58:904][236]LogPlayLevel: PlayLevel: No blueprints needed recompiling
[2017.05.18-19.54.58:906][236]PIE: New page: PIE session: ThirdPersonExampleMap (May 18, 2017, 9:54:58 AM)
[2017.05.18-19.54.58:907][236]LogPlayLevel: Creating play world package: /Game/ThirdPersonBP/Maps/UEDPIE_0_ThirdPersonExampleMap
[2017.05.18-19.54.58:932][236]LogPlayLevel: PIE: StaticDuplicateObject took: (0.025148s)
[2017.05.18-19.54.58:932][236]LogAIModule: Creating AISystem for world ThirdPersonExampleMap
[2017.05.18-19.54.58:932][236]LogPlayLevel: PIE: World Init took: (0.000759s)
[2017.05.18-19.54.58:933][236]LogPlayLevel: PIE: Created PIE world by copying editor world from /Game/ThirdPersonBP/Maps/ThirdPersonExampleMap.ThirdPersonExampleMap to /Game/ThirdPersonBP/Maps/UEDPIE_0_ThirdPersonExampleMap.ThirdPersonExampleMap (0.026323s)
[2017.05.18-19.54.58:951][236]LogInit: XAudio2 using 'Realtek HD Audio 2nd output (Realtek High Definition Audio)' : 2 channels at 48 kHz using 32 bits per sample (channel mask 0x3)
[2017.05.18-19.54.58:958][236]LogInit: FAudioDevice initialized.
[2017.05.18-19.54.59:015][236]LogLoad: Game class is 'ThirdPersonGameMode_C'
[2017.05.18-19.54.59:019][236]LogWorld: Bringing World /Game/ThirdPersonBP/Maps/UEDPIE_0_ThirdPersonExampleMap.ThirdPersonExampleMap up for play (max tick rate 0) at 2017.05.18-14.54.59
[2017.05.18-19.54.59:020][236]LogWorld: Bringing up level for play took: 0.002552
[2017.05.18-19.54.59:959][236]LogContentBrowser: Native class hierarchy updated for 'MovieSceneCapture' in 0.0005 seconds. Added 11 classes and 0 folders.
[2017.05.18-19.54.59:960][236]PIE: Info Play in editor start time for /Game/ThirdPersonBP/Maps/UEDPIE_0_ThirdPersonExampleMap 0.981
[2017.05.18-19.54.59:960][236]LogBlueprintUserMessages: Late PlayInEditor Detection: Level '/Game/ThirdPersonBP/Maps/ThirdPersonExampleMap.ThirdPersonExampleMap:PersistentLevel' has LevelScriptBlueprint '/Game/ThirdPersonBP/Maps/ThirdPersonExampleMap.ThirdPersonExampleMap:PersistentLevel.ThirdPersonExampleMap' with GeneratedClass '/Game/ThirdPersonBP/Maps/ThirdPersonExampleMap.ThirdPersonExampleMap_C' with ClassGeneratedBy '/Game/ThirdPersonBP/Maps/ThirdPersonExampleMap.ThirdPersonExampleMap:PersistentLevel.ThirdPersonExampleMap'
[2017.05.18-20.00.41:320][183]LogBlueprintUserMessages: Early EndPlayMap Detection: Level '/Game/ThirdPersonBP/Maps/ThirdPersonExampleMap.ThirdPersonExampleMap:PersistentLevel' has LevelScriptBlueprint '/Game/ThirdPersonBP/Maps/ThirdPersonExampleMap.ThirdPersonExampleMap:PersistentLevel.ThirdPersonExampleMap' with GeneratedClass '/Game/ThirdPersonBP/Maps/ThirdPersonExampleMap.ThirdPersonExampleMap_C' with ClassGeneratedBy '/Game/ThirdPersonBP/Maps/ThirdPersonExampleMap.ThirdPersonExampleMap:PersistentLevel.ThirdPersonExampleMap'
[2017.05.18-20.00.41:362][183]LogBlueprintUserMessages: Late EndPlayMap Detection: Level '/Game/ThirdPersonBP/Maps/ThirdPersonExampleMap.ThirdPersonExampleMap:PersistentLevel' has LevelScriptBlueprint '/Game/ThirdPersonBP/Maps/ThirdPersonExampleMap.ThirdPersonExampleMap:PersistentLevel.ThirdPersonExampleMap' with GeneratedClass '/Game/ThirdPersonBP/Maps/ThirdPersonExampleMap.ThirdPersonExampleMap_C' with ClassGeneratedBy '/Game/ThirdPersonBP/Maps/ThirdPersonExampleMap.ThirdPersonExampleMap:PersistentLevel.ThirdPersonExampleMap'
[2017.05.18-20.01.35:734][682]LogMaterial: Missing cached shader map for material LayerVisMaterial, compiling. 
[2017.05.18-20.01.35:735][682]LogTemp:Display: Added material ShaderMap 0x000002159625C800 with Material 0x000002159695BD00 to ShaderMapsBeingCompiled
[2017.05.18-20.01.35:742][682]LogTemp:Display: Kicking off shader compilation for LayerVisMaterial, GameThreadShaderMap 0x000002159625C800
[2017.05.18-20.01.35:756][682]LogMaterial: Missing cached shader map for material SelectBrushMaterial, compiling. 
[2017.05.18-20.01.35:757][682]LogTemp:Display: Added material ShaderMap 0x000002158B151600 with Material 0x000002158A069300 to ShaderMapsBeingCompiled
[2017.05.18-20.01.35:770][682]LogTemp:Display: Kicking off shader compilation for SelectBrushMaterial, GameThreadShaderMap 0x000002158B151600
[2017.05.18-20.01.35:778][682]LogMaterial: Missing cached shader map for material SelectBrushMaterial, compiling. 
[2017.05.18-20.01.35:778][682]LogTemp:Display: Added material ShaderMap 0x0000021596A1DD00 with Material 0x000002158A6E7280 to ShaderMapsBeingCompiled
[2017.05.18-20.01.35:788][682]LogTemp:Display: Kicking off shader compilation for SelectBrushMaterial, GameThreadShaderMap 0x0000021596A1DD00
[2017.05.18-20.01.35:803][682]LogMaterial: Missing cached shader map for material MaskBrushMaterial, compiling. 
[2017.05.18-20.01.35:804][682]LogTemp:Display: Added material ShaderMap 0x000002158FB42780 with Material 0x00000215838EAF80 to ShaderMapsBeingCompiled
[2017.05.18-20.01.35:813][682]LogTemp:Display: Kicking off shader compilation for MaskBrushMaterial, GameThreadShaderMap 0x000002158FB42780
[2017.05.18-20.01.35:828][682]LogMaterial: Missing cached shader map for material LandscapeLayerUsageMaterial, compiling. 
[2017.05.18-20.01.35:829][682]LogTemp:Display: Added material ShaderMap 0x00000215AF1C6400 with Material 0x000002158AC6D180 to ShaderMapsBeingCompiled
[2017.05.18-20.01.35:834][682]LogTemp:Display: Kicking off shader compilation for LandscapeLayerUsageMaterial, GameThreadShaderMap 0x00000215AF1C6400
[2017.05.18-20.01.35:864][682]LogMaterial: Missing cached shader map for material CircleBrushMaterial, compiling. 
[2017.05.18-20.01.35:865][682]LogTemp:Display: Added material ShaderMap 0x000002158AFEC800 with Material 0x000002158AC06B00 to ShaderMapsBeingCompiled
[2017.05.18-20.01.35:875][682]LogTemp:Display: Kicking off shader compilation for CircleBrushMaterial, GameThreadShaderMap 0x000002158AFEC800
[2017.05.18-20.01.35:880][682]LogMaterial: Missing cached shader map for material CircleBrushMaterial, compiling. 
[2017.05.18-20.01.35:881][682]LogTemp:Display: Added material ShaderMap 0x000002158AF50480 with Material 0x000002158A889C00 to ShaderMapsBeingCompiled
[2017.05.18-20.01.35:890][682]LogTemp:Display: Kicking off shader compilation for CircleBrushMaterial, GameThreadShaderMap 0x000002158AF50480
[2017.05.18-20.01.35:897][682]LogMaterial: Missing cached shader map for material CircleBrushMaterial, compiling. 
[2017.05.18-20.01.35:898][682]LogTemp:Display: Added material ShaderMap 0x000002159085E780 with Material 0x000002158A8BF880 to ShaderMapsBeingCompiled
[2017.05.18-20.01.35:908][682]LogTemp:Display: Kicking off shader compilation for CircleBrushMaterial, GameThreadShaderMap 0x000002159085E780
[2017.05.18-20.01.35:915][682]LogMaterial: Missing cached shader map for material CircleBrushMaterial, compiling. 
[2017.05.18-20.01.35:916][682]LogTemp:Display: Added material ShaderMap 0x000002158B89C800 with Material 0x000002158A817580 to ShaderMapsBeingCompiled
[2017.05.18-20.01.35:926][682]LogTemp:Display: Kicking off shader compilation for CircleBrushMaterial, GameThreadShaderMap 0x000002158B89C800
[2017.05.18-20.01.35:938][682]LogMaterial: Missing cached shader map for material AlphaBrushMaterial, compiling. 
[2017.05.18-20.01.35:939][682]LogTemp:Display: Added material ShaderMap 0x000002158DB94B80 with Material 0x000002158A80EB00 to ShaderMapsBeingCompiled
[2017.05.18-20.01.35:950][682]LogTemp:Display: Kicking off shader compilation for AlphaBrushMaterial, GameThreadShaderMap 0x000002158DB94B80
[2017.05.18-20.01.35:957][682]LogMaterial: Missing cached shader map for material CircleBrushMaterial, compiling. 
[2017.05.18-20.01.35:958][682]LogTemp:Display: Added material ShaderMap 0x000002159CBAEE80 with Material 0x000002158A810100 to ShaderMapsBeingCompiled
[2017.05.18-20.01.35:969][682]LogTemp:Display: Kicking off shader compilation for CircleBrushMaterial, GameThreadShaderMap 0x000002159CBAEE80
[2017.05.18-20.01.35:970][682]LogTemp:Display: Added shader map 0x000002158B151600 from material 0x000002158A812380
[2017.05.18-20.01.35:970][682]LogTemp:Display: Found existing compiling shader for material SelectBrushMaterial, linking to other GameThreadShaderMap 0x000002158B151600
[2017.05.18-20.01.35:977][682]LogMaterial: Missing cached shader map for material MaskBrushMaterial, compiling. 
[2017.05.18-20.01.35:978][682]LogTemp:Display: Added material ShaderMap 0x000002159CAC5980 with Material 0x000002158A7BB280 to ShaderMapsBeingCompiled
[2017.05.18-20.01.35:988][682]LogTemp:Display: Kicking off shader compilation for MaskBrushMaterial, GameThreadShaderMap 0x000002159CAC5980
[2017.05.18-20.01.35:993][682]LogTexture:Display: Building textures: Texture2D_2 (G8, 128X128) - 108 MB total VRAM
[2017.05.18-20.01.37:646][853]LogActorComponent: UnregisterComponent: (/Engine/Transient.SphereBrushComponent) Not registered. Aborting.
[2017.05.18-20.01.38:089][902]LogTemp:Display: Finished compile of shader map 0x000002159625C800
[2017.05.18-20.01.38:089][902]LogTemp:Display: Shader map LayerVisMaterial complete, GameThreadShaderMap 0x000002159625C800, marking material LayerVisMaterial as finished
[2017.05.18-20.01.38:089][902]LogTemp:Display: Marking material as finished 0x000002159695BD00
[2017.05.18-20.01.38:745][976]LogTemp:Display: Finished compile of shader map 0x000002158B151600
[2017.05.18-20.01.38:745][976]LogTemp:Display: Shader map SelectBrushMaterial complete, GameThreadShaderMap 0x000002158B151600, marking material SelectBrushMaterial as finished
[2017.05.18-20.01.38:745][976]LogTemp:Display: Marking material as finished 0x000002158A069300
[2017.05.18-20.01.38:746][976]LogTemp:Display: Shader map SelectBrushMaterial complete, GameThreadShaderMap 0x000002158B151600, marking material SelectBrushMaterial as finished
[2017.05.18-20.01.38:746][976]LogTemp:Display: Marking material as finished 0x000002158A812380
[2017.05.18-20.01.41:083][246]LogTemp:Display: Finished compile of shader map 0x0000021596A1DD00
[2017.05.18-20.01.41:083][246]LogTemp:Display: Shader map SelectBrushMaterial complete, GameThreadShaderMap 0x0000021596A1DD00, marking material SelectBrushMaterial as finished
[2017.05.18-20.01.41:083][246]LogTemp:Display: Marking material as finished 0x000002158A6E7280
[2017.05.18-20.01.43:596][539]LogActorComponent: UnregisterComponent: (/Engine/Transient.SphereBrushComponent) Not registered. Aborting.
[2017.05.18-20.01.43:598][539]LogTexture:Display: Building textures: Texture2D_3 (G8, 128X128) - 108 MB total VRAM
[2017.05.18-20.01.43:810][560]LogTemp:Display: Finished compile of shader map 0x000002158FB42780
[2017.05.18-20.01.43:810][560]LogTemp:Display: Shader map MaskBrushMaterial complete, GameThreadShaderMap 0x000002158FB42780, marking material MaskBrushMaterial as finished
[2017.05.18-20.01.43:810][560]LogTemp:Display: Marking material as finished 0x00000215838EAF80
[2017.05.18-20.01.43:813][560]LogTemp:Display: Finished compile of shader map 0x00000215AF1C6400
[2017.05.18-20.01.43:813][560]LogTemp:Display: Shader map LandscapeLayerUsageMaterial complete, GameThreadShaderMap 0x00000215AF1C6400, marking material LandscapeLayerUsageMaterial as finished
[2017.05.18-20.01.43:813][560]LogTemp:Display: Marking material as finished 0x000002158AC6D180
[2017.05.18-20.01.47:297][964]LogTemp:Display: Finished compile of shader map 0x000002158AF50480
[2017.05.18-20.01.47:297][964]LogTemp:Display: Shader map CircleBrushMaterial complete, GameThreadShaderMap 0x000002158AF50480, marking material CircleBrushMaterial as finished
[2017.05.18-20.01.47:297][964]LogTemp:Display: Marking material as finished 0x000002158A889C00
[2017.05.18-20.01.47:300][964]LogTemp:Display: Finished compile of shader map 0x000002158AFEC800
[2017.05.18-20.01.47:300][964]LogTemp:Display: Shader map CircleBrushMaterial complete, GameThreadShaderMap 0x000002158AFEC800, marking material CircleBrushMaterial as finished
[2017.05.18-20.01.47:300][964]LogTemp:Display: Marking material as finished 0x000002158AC06B00
[2017.05.18-20.01.49:677][237]LogTemp:Display: Finished compile of shader map 0x000002159085E780
[2017.05.18-20.01.49:677][237]LogTemp:Display: Shader map CircleBrushMaterial complete, GameThreadShaderMap 0x000002159085E780, marking material CircleBrushMaterial as finished
[2017.05.18-20.01.49:677][237]LogTemp:Display: Marking material as finished 0x000002158A8BF880
[2017.05.18-20.01.50:174][294]LogTemp:Display: Finished compile of shader map 0x000002158B89C800
[2017.05.18-20.01.50:174][294]LogTemp:Display: Shader map CircleBrushMaterial complete, GameThreadShaderMap 0x000002158B89C800, marking material CircleBrushMaterial as finished
[2017.05.18-20.01.50:174][294]LogTemp:Display: Marking material as finished 0x000002158A817580
[2017.05.18-20.01.52:290][538]LogTemp:Display: Finished compile of shader map 0x000002158DB94B80
[2017.05.18-20.01.52:290][538]LogTemp:Display: Shader map AlphaBrushMaterial complete, GameThreadShaderMap 0x000002158DB94B80, marking material AlphaBrushMaterial as finished
[2017.05.18-20.01.52:290][538]LogTemp:Display: Marking material as finished 0x000002158A80EB00
[2017.05.18-20.01.54:302][777]LogTemp:Display: Finished compile of shader map 0x000002159CAC5980
[2017.05.18-20.01.54:303][777]LogTemp:Display: Shader map MaskBrushMaterial complete, GameThreadShaderMap 0x000002159CAC5980, marking material MaskBrushMaterial as finished
[2017.05.18-20.01.54:303][777]LogTemp:Display: Marking material as finished 0x000002158A7BB280
[2017.05.18-20.01.54:308][777]LogTemp:Display: Finished compile of shader map 0x000002159CBAEE80
[2017.05.18-20.01.54:308][777]LogTemp:Display: Shader map CircleBrushMaterial complete, GameThreadShaderMap 0x000002159CBAEE80, marking material CircleBrushMaterial as finished
[2017.05.18-20.01.54:308][777]LogTemp:Display: Marking material as finished 0x000002158A810100
[2017.05.18-20.02.41:046][382]LogActorComponent: UnregisterComponent: (/Engine/Transient.SphereBrushComponent) Not registered. Aborting.
[2017.05.18-20.02.41:048][382]LogTexture:Display: Building textures: Texture2D_4 (G8, 128X128) - 108 MB total VRAM
[2017.05.18-20.03.01:328][807]LogEditorViewport: Clicking on Actor (LMB): StaticMeshActor (evergreen_tree3)
[2017.05.18-20.04.35:334][168]LogSlate: Took 0.003443 seconds to synchronously load lazily loaded font '../../../Engine/Content/Editor/Slate/Fonts/Roboto-Italic.ttf' (157K)
[2017.05.18-20.05.08:794][154]LogActor:Warning: VREditorButton /Engine/Transient.World_9:PersistentLevel.VREditorButton_0 has natively added scene component(s), but none of them were set as the actor's RootComponent - picking one arbitrarily
[2017.05.18-20.05.16:503][ 70]LogActorComponent: UnregisterComponent: (/Engine/Transient.SphereBrushComponent) Not registered. Aborting.
[2017.05.18-20.05.36:921][512]LogEditorViewport: Clicking on Actor (context menu): StaticMeshActor (Floor)
[2017.05.18-20.05.38:005][631]LogEditorViewport: Clicking on Actor (LMB): StaticMeshActor (Floor)
[2017.05.18-20.06.02:957][622]LogEditorViewport: Clicking on Actor (LMB): ThirdPersonCharacter_C (ThirdPersonCharacter)
[2017.05.18-20.06.21:220][787]LogEditorViewport: Clicking on Actor (LMB): StaticMeshActor (Floor)
[2017.05.18-20.06.26:953][464]LogEditorViewport: Clicking on Actor (LMB): ThirdPersonCharacter_C (ThirdPersonCharacter)
[2017.05.18-20.07.16:503][376]LogEditorViewport: Clicking on Actor (LMB): StaticMeshActor (Floor)
[2017.05.18-20.07.17:404][474]LogEditorViewport: Clicking on Actor (LMB): ThirdPersonCharacter_C (ThirdPersonCharacter)
[2017.05.18-20.07.24:754][933]Cmd: QUIT_EDITOR
[2017.05.18-20.07.25:572][933]LogWindowsTextInputMethodSystem:Display: IME system now deactivated.
[2017.05.18-20.07.25:593][933]LogExit: Preparing to exit.
[2017.05.18-20.07.25:878][933]LogDirectoryWatcher: A directory notification for 'C:/Users/Joshua/Desktop/JacuraDevelopment/UnrealProject/Jacura/Content/' was aborted.
[2017.05.18-20.07.25:899][933]LogExit: Editor shut down
[2017.05.18-20.07.25:899][933]LogExit: Transaction tracking system shut down
[2017.05.18-20.07.25:955][933]LogObj: Freed 0b from 0 cluster array pools.
[2017.05.18-20.07.25:955][933]LogExit: Object subsystem successfully closed.
[2017.05.18-20.07.25:976][933]LogD3D11RHI: Shutdown
[2017.05.18-20.07.25:976][933]LogD3D11RHI: CleanupD3DDevice
[2017.05.18-20.07.26:060][933]LogD3D11RHI: ~FD3D11DynamicRHI
[2017.05.18-20.07.26:080][933]LogModuleManager: Shutting down and abandoning module PortalProxies (502)
[2017.05.18-20.07.26:080][933]LogModuleManager: Shutting down and abandoning module MovieSceneCapture (500)
[2017.05.18-20.07.26:080][933]LogModuleManager: Shutting down and abandoning module HierarchicalLODOutliner (498)
[2017.05.18-20.07.26:080][933]LogModuleManager: Shutting down and abandoning module CrashTracker (496)
[2017.05.18-20.07.26:080][933]LogModuleManager: Shutting down and abandoning module SceneOutliner (494)
[2017.05.18-20.07.26:080][933]LogModuleManager: Shutting down and abandoning module AddContentDialog (492)
[2017.05.18-20.07.26:080][933]LogDirectoryWatcher: A directory notification for 'C:/Program Files/Epic Games/UE_4.15/FeaturePacks/' was aborted.
[2017.05.18-20.07.26:081][933]LogModuleManager: Shutting down and abandoning module WidgetCarousel (491)
[2017.05.18-20.07.26:081][933]LogModuleManager: Shutting down and abandoning module EditorWidgets (488)
[2017.05.18-20.07.26:081][933]LogModuleManager: Shutting down and abandoning module CollectionManager (486)
[2017.05.18-20.07.26:081][933]LogDirectoryWatcher: A directory notification for 'C:/Users/Joshua/Desktop/JacuraDevelopment/UnrealProject/Jacura/Content/Collections/' was aborted.
[2017.05.18-20.07.26:081][933]LogDirectoryWatcher: A directory notification for 'C:/Users/Joshua/Desktop/JacuraDevelopment/UnrealProject/Jacura/Content/Developers/Joshua/Collections/' was aborted.
[2017.05.18-20.07.26:081][933]LogDirectoryWatcher: A directory notification for 'C:/Users/Joshua/Desktop/JacuraDevelopment/UnrealProject/Jacura/Saved/Collections/' was aborted.
[2017.05.18-20.07.26:081][933]LogModuleManager: Shutting down and abandoning module StatsViewer (484)
[2017.05.18-20.07.26:081][933]LogModuleManager: Shutting down and abandoning module FoliageEdit (482)
[2017.05.18-20.07.26:081][933]LogModuleManager: Shutting down and abandoning module LandscapeEditor (480)
[2017.05.18-20.07.26:081][933]LogModuleManager: Shutting down and abandoning module SceneDepthPickerMode (478)
[2017.05.18-20.07.26:081][933]LogModuleManager: Shutting down and abandoning module ActorPickerMode (476)
[2017.05.18-20.07.26:081][933]LogModuleManager: Shutting down and abandoning module GeometryMode (474)
[2017.05.18-20.07.26:081][933]LogModuleManager: Shutting down and abandoning module TextureAlignMode (472)
[2017.05.18-20.07.26:081][933]LogModuleManager: Shutting down and abandoning module BspMode (470)
[2017.05.18-20.07.26:081][933]LogModuleManager: Shutting down and abandoning module HardwareSurvey (468)
[2017.05.18-20.07.26:081][933]LogModuleManager: Shutting down and abandoning module SequenceRecorderSections (466)
[2017.05.18-20.07.26:081][933]LogModuleManager: Shutting down and abandoning module AutomationWorker (464)
[2017.05.18-20.07.26:081][933]LogModuleManager: Shutting down and abandoning module MatineeToLevelSequence (462)
[2017.05.18-20.07.26:081][933]LogModuleManager: Shutting down and abandoning module LevelSequenceEditor (460)
[2017.05.18-20.07.26:082][933]LogModuleManager: Shutting down and abandoning module PlacementMode (459)
[2017.05.18-20.07.26:082][933]LogModuleManager: Shutting down and abandoning module WmfMediaFactory (456)
[2017.05.18-20.07.26:082][933]LogModuleManager: Shutting down and abandoning module WmfMediaEditor (454)
[2017.05.18-20.07.26:082][933]LogModuleManager: Shutting down and abandoning module MfMediaFactory (452)
[2017.05.18-20.07.26:082][933]LogModuleManager: Shutting down and abandoning module MfMediaEditor (450)
[2017.05.18-20.07.26:082][933]LogModuleManager: Shutting down and abandoning module AvfMediaFactory (448)
[2017.05.18-20.07.26:082][933]LogModuleManager: Shutting down and abandoning module AvfMediaEditor (446)
[2017.05.18-20.07.26:082][933]LogModuleManager: Shutting down and abandoning module AndroidMediaFactory (444)
[2017.05.18-20.07.26:082][933]LogModuleManager: Shutting down and abandoning module Media (443)
[2017.05.18-20.07.26:082][933]LogModuleManager: Shutting down and abandoning module AndroidMediaEditor (440)
[2017.05.18-20.07.26:082][933]LogModuleManager: Shutting down and abandoning module CharacterAI (438)
[2017.05.18-20.07.26:082][933]LogModuleManager: Shutting down and abandoning module AudioCapture (436)
[2017.05.18-20.07.26:082][933]LogModuleManager: Shutting down and abandoning module SequenceRecorder (435)
[2017.05.18-20.07.26:082][933]LogModuleManager: Shutting down and abandoning module SmartSnapping (432)
[2017.05.18-20.07.26:082][933]LogModuleManager: Shutting down and abandoning module SessionServices (430)
[2017.05.18-20.07.26:082][933]LogModuleManager: Shutting down and abandoning module ViewportSnapping (428)
[2017.05.18-20.07.26:082][933]LogModuleManager: Shutting down and abandoning module ViewportInteraction (426)
[2017.05.18-20.07.26:082][933]LogModuleManager: Shutting down and abandoning module LogVisualizer (424)
[2017.05.18-20.07.26:082][933]LogModuleManager: Shutting down and abandoning module IntroTutorials (422)
[2017.05.18-20.07.26:082][933]LogModuleManager: Shutting down and abandoning module GameProjectGeneration (421)
[2017.05.18-20.07.26:083][933]LogModuleManager: Shutting down and abandoning module EditorLiveStreaming (418)
[2017.05.18-20.07.26:083][933]LogModuleManager: Shutting down and abandoning module IOSPlatformEditor (416)
[2017.05.18-20.07.26:083][933]LogModuleManager: Shutting down and abandoning module HTML5PlatformEditor (414)
[2017.05.18-20.07.26:083][933]LogModuleManager: Shutting down and abandoning module AndroidPlatformEditor (412)
[2017.05.18-20.07.26:083][933]LogModuleManager: Shutting down and abandoning module AndroidDeviceDetection (411)
[2017.05.18-20.07.26:910][933]LogModuleManager: Shutting down and abandoning module IOSRuntimeSettings (408)
[2017.05.18-20.07.26:910][933]LogModuleManager: Shutting down and abandoning module AndroidRuntimeSettings (406)
[2017.05.18-20.07.26:910][933]LogModuleManager: Shutting down and abandoning module InputBindingEditor (404)
[2017.05.18-20.07.26:910][933]LogModuleManager: Shutting down and abandoning module NiagaraEditor (402)
[2017.05.18-20.07.26:914][933]LogModuleManager: Shutting down and abandoning module MergeActors (400)
[2017.05.18-20.07.26:915][933]LogModuleManager: Shutting down and abandoning module SizeMap (398)
[2017.05.18-20.07.26:915][933]LogModuleManager: Shutting down and abandoning module TreeMap (396)
[2017.05.18-20.07.26:915][933]LogModuleManager: Shutting down and abandoning module ReferenceViewer (394)
[2017.05.18-20.07.26:915][933]LogModuleManager: Shutting down and abandoning module LocalizationDashboard (392)
[2017.05.18-20.07.26:915][933]LogModuleManager: Shutting down and abandoning module LocalizationService (391)
[2017.05.18-20.07.26:916][933]LogModuleManager: Shutting down and abandoning module HardwareTargeting (388)
[2017.05.18-20.07.26:916][933]LogModuleManager: Shutting down and abandoning module DeviceProfileEditor (386)
[2017.05.18-20.07.26:916][933]LogModuleManager: Shutting down and abandoning module UndoHistory (384)
[2017.05.18-20.07.26:916][933]LogModuleManager: Shutting down and abandoning module UserFeedback (382)
[2017.05.18-20.07.26:916][933]LogModuleManager: Shutting down and abandoning module XmlParser (380)
[2017.05.18-20.07.26:916][933]LogModuleManager: Shutting down and abandoning module Blutility (378)
[2017.05.18-20.07.26:916][933]LogModuleManager: Shutting down and abandoning module ProjectSettingsViewer (376)
[2017.05.18-20.07.26:916][933]LogModuleManager: Shutting down and abandoning module ProjectTargetPlatformEditor (375)
[2017.05.18-20.07.26:917][933]LogModuleManager: Shutting down and abandoning module EditorSettingsViewer (372)
[2017.05.18-20.07.26:917][933]LogModuleManager: Shutting down and abandoning module SettingsEditor (370)
[2017.05.18-20.07.26:917][933]LogModuleManager: Shutting down and abandoning module ProjectLauncher (368)
[2017.05.18-20.07.26:918][933]LogModuleManager: Shutting down and abandoning module SessionFrontend (366)
[2017.05.18-20.07.26:918][933]LogModuleManager: Shutting down and abandoning module ProfilerClient (364)
[2017.05.18-20.07.26:919][933]LogModuleManager: Shutting down and abandoning module DeviceManager (362)
[2017.05.18-20.07.26:919][933]LogModuleManager: Shutting down and abandoning module TargetDeviceServices (361)
[2017.05.18-20.07.26:972][933]LogModuleManager: Shutting down and abandoning module AutomationController (358)
[2017.05.18-20.07.26:972][933]LogModuleManager: Shutting down and abandoning module AutomationWindow (356)
[2017.05.18-20.07.26:974][933]LogModuleManager: Shutting down and abandoning module Layers (354)
[2017.05.18-20.07.26:975][933]LogModuleManager: Shutting down and abandoning module ComponentVisualizers (352)
[2017.05.18-20.07.26:975][933]LogModuleManager: Shutting down and abandoning module DetailCustomizations (350)
[2017.05.18-20.07.26:975][933]LogModuleManager: Shutting down and abandoning module PackagesDialog (348)
[2017.05.18-20.07.26:976][933]LogModuleManager: Shutting down and abandoning module Persona (346)
[2017.05.18-20.07.26:976][933]LogModuleManager: Shutting down and abandoning module AnimGraph (345)
[2017.05.18-20.07.26:976][933]LogModuleManager: Shutting down and abandoning module Kismet (342)
[2017.05.18-20.07.26:978][933]LogModuleManager: Shutting down and abandoning module GraphEditor (340)
[2017.05.18-20.07.26:980][933]LogModuleManager: Shutting down and abandoning module ClassViewer (338)
[2017.05.18-20.07.26:980][933]LogModuleManager: Shutting down and abandoning module Toolbox (336)
[2017.05.18-20.07.26:980][933]LogModuleManager: Shutting down and abandoning module ModuleUI (334)
[2017.05.18-20.07.26:980][933]LogModuleManager: Shutting down and abandoning module MovieSceneTools (332)
[2017.05.18-20.07.26:981][933]LogModuleManager: Shutting down and abandoning module OutputLog (330)
[2017.05.18-20.07.26:981][933]LogModuleManager: Shutting down and abandoning module GammaUI (328)
[2017.05.18-20.07.26:981][933]LogModuleManager: Shutting down and abandoning module Documentation (326)
[2017.05.18-20.07.26:981][933]LogModuleManager: Shutting down and abandoning module Niagara (324)
[2017.05.18-20.07.26:981][933]LogModuleManager: Shutting down and abandoning module StreamingPauseRendering (322)
[2017.05.18-20.07.26:982][933]LogModuleManager: Shutting down and abandoning module AnalyticsET (320)
[2017.05.18-20.07.26:982][933]LogModuleManager: Shutting down and abandoning module PortalServices (318)
[2017.05.18-20.07.26:982][933]LogModuleManager: Shutting down and abandoning module PortalRpc (316)
[2017.05.18-20.07.26:982][933]LogModuleManager: Shutting down and abandoning module MessagingRpc (314)
[2017.05.18-20.07.26:982][933]LogModuleManager: Shutting down and abandoning module AIModule (312)
[2017.05.18-20.07.26:982][933]LogModuleManager: Shutting down and abandoning module GameplayDebugger (311)
[2017.05.18-20.07.26:982][933]LogModuleManager: Shutting down and abandoning module AITestSuite (309)
[2017.05.18-20.07.26:982][933]LogModuleManager: Shutting down and abandoning module ProfilerService (306)
[2017.05.18-20.07.27:221][933]LogModuleManager: Shutting down and abandoning module TaskGraph (304)
[2017.05.18-20.07.27:222][933]LogModuleManager: Shutting down and abandoning module SteamVRController (302)
[2017.05.18-20.07.27:222][933]LogModuleManager: Shutting down and abandoning module SteamVR (300)
[2017.05.18-20.07.27:222][933]LogModuleManager: Shutting down and abandoning module ProceduralMeshComponentEditor (298)
[2017.05.18-20.07.27:222][933]LogModuleManager: Shutting down and abandoning module ProceduralMeshComponent (296)
[2017.05.18-20.07.27:222][933]LogModuleManager: Shutting down and abandoning module OculusLibrary (294)
[2017.05.18-20.07.27:222][933]LogModuleManager: Shutting down and abandoning module OculusInput (292)
[2017.05.18-20.07.27:222][933]LogModuleManager: Shutting down and abandoning module MobilePatchingUtils (290)
[2017.05.18-20.07.27:222][933]LogModuleManager: Shutting down and abandoning module CustomMeshComponent (288)
[2017.05.18-20.07.27:222][933]LogModuleManager: Shutting down and abandoning module CableComponent (286)
[2017.05.18-20.07.27:222][933]LogModuleManager: Shutting down and abandoning module ArchVisCharacter (284)
[2017.05.18-20.07.27:222][933]LogModuleManager: Shutting down and abandoning module MediaPlayerEditor (280)
[2017.05.18-20.07.27:222][933]LogModuleManager: Shutting down and abandoning module HTML5Networking (278)
[2017.05.18-20.07.27:222][933]LogModuleManager: Shutting down and abandoning module AlembicImporter (276)
[2017.05.18-20.07.27:222][933]LogModuleManager: Shutting down and abandoning module AlembicLibrary (275)
[2017.05.18-20.07.27:222][933]LogModuleManager: Shutting down and abandoning module GeometryCache (274)
[2017.05.18-20.07.27:222][933]LogModuleManager: Shutting down and abandoning module GeometryCacheEd (273)
[2017.05.18-20.07.27:223][933]LogModuleManager: Shutting down and abandoning module SuperSearchEditor (268)
[2017.05.18-20.07.27:223][933]LogModuleManager: Shutting down and abandoning module SuperSearch (267)
[2017.05.18-20.07.27:223][933]LogModuleManager: Shutting down and abandoning module SpeedTreeImporter (264)
[2017.05.18-20.07.27:223][933]LogModuleManager: Shutting down and abandoning module PluginBrowser (262)
[2017.05.18-20.07.27:223][933]LogModuleManager: Shutting down and abandoning module MobileLauncherProfileWizard (260)
[2017.05.18-20.07.27:223][933]LogModuleManager: Shutting down and abandoning module EpicSurvey (258)
[2017.05.18-20.07.27:223][933]LogModuleManager: Shutting down and abandoning module VisualStudioSourceCodeAccess (256)
[2017.05.18-20.07.27:223][933]LogModuleManager: Shutting down and abandoning module DesktopPlatform (255)
[2017.05.18-20.07.27:223][933]LogModuleManager: Shutting down and abandoning module UObjectPlugin (252)
[2017.05.18-20.07.27:223][933]LogModuleManager: Shutting down and abandoning module SubversionSourceControl (250)
[2017.05.18-20.07.27:223][933]LogModuleManager: Shutting down and abandoning module PerforceSourceControl (248)
[2017.05.18-20.07.27:223][933]LogModuleManager: Shutting down and abandoning module GitSourceControl (246)
[2017.05.18-20.07.27:223][933]LogModuleManager: Shutting down and abandoning module SourceControl (245)
[2017.05.18-20.07.27:223][933]LogModuleManager: Shutting down and abandoning module LightPropagationVolumeEditor (242)
[2017.05.18-20.07.27:223][933]LogModuleManager: Shutting down and abandoning module PaperTiledImporter (240)
[2017.05.18-20.07.27:223][933]LogModuleManager: Shutting down and abandoning module PaperSpriteSheetImporter (238)
[2017.05.18-20.07.27:223][933]LogModuleManager: Shutting down and abandoning module Paper2DEditor (236)
[2017.05.18-20.07.27:223][933]LogModuleManager: Shutting down and abandoning module MeshPaint (235)
[2017.05.18-20.07.27:223][933]LogModuleManager: Shutting down and abandoning module LevelEditor (233)
[2017.05.18-20.07.27:224][933]LogModuleManager: Shutting down and abandoning module PixelInspectorModule (232)
[2017.05.18-20.07.27:224][933]LogModuleManager: Shutting down and abandoning module MainFrame (230)
[2017.05.18-20.07.27:224][933]LogModuleManager: Shutting down and abandoning module HotReload (229)
[2017.05.18-20.07.27:225][933]LogModuleManager: Shutting down and abandoning module ContentBrowser (225)
[2017.05.18-20.07.27:225][933]LogModuleManager: Shutting down and abandoning module PhysXVehiclesEditor (222)
[2017.05.18-20.07.27:225][933]LogModuleManager: Shutting down and abandoning module PhysXVehicles (220)
[2017.05.18-20.07.27:225][933]LogModuleManager: Shutting down and abandoning module LocationServicesBPLibrary (218)
[2017.05.18-20.07.27:225][933]LogModuleManager: Shutting down and abandoning module UdpMessaging (216)
[2017.05.18-20.07.27:326][933]LogModuleManager: Shutting down and abandoning module TcpMessaging (214)
[2017.05.18-20.07.27:426][933]LogModuleManager: Shutting down and abandoning module GameplayTagsEditor (212)
[2017.05.18-20.07.27:429][933]LogModuleManager: Shutting down and abandoning module FacialAnimationEditor (210)
[2017.05.18-20.07.27:429][933]LogModuleManager: Shutting down and abandoning module FacialAnimation (208)
[2017.05.18-20.07.27:429][933]LogModuleManager: Shutting down and abandoning module LightPropagationVolumeRuntime (206)
[2017.05.18-20.07.27:429][933]LogModuleManager: Shutting down and abandoning module Paper2D (204)
[2017.05.18-20.07.27:429][933]LogModuleManager: Shutting down and abandoning module WindowsMoviePlayer (202)
[2017.05.18-20.07.27:430][933]LogModuleManager: Shutting down and abandoning module WmfMedia (200)
[2017.05.18-20.07.27:430][933]LogModuleManager: Shutting down and abandoning module MfMedia (198)
[2017.05.18-20.07.27:430][933]LogModuleManager: Shutting down and abandoning module MediaAssets (196)
[2017.05.18-20.07.27:430][933]LogModuleManager: Shutting down and abandoning module GameLiveStreaming (194)
[2017.05.18-20.07.27:430][933]LogModuleManager: Shutting down and abandoning module VREditor (192)
[2017.05.18-20.07.27:430][933]LogModuleManager: Shutting down and abandoning module GameplayTasksEditor (190)
[2017.05.18-20.07.27:430][933]LogModuleManager: Shutting down and abandoning module BehaviorTreeEditor (188)
[2017.05.18-20.07.27:431][933]LogModuleManager: Shutting down and abandoning module FunctionalTesting (186)
[2017.05.18-20.07.27:431][933]LogModuleManager: Shutting down and abandoning module CollisionAnalyzer (184)
[2017.05.18-20.07.27:432][933]LogModuleManager: Shutting down and abandoning module UMG (182)
[2017.05.18-20.07.27:432][933]LogModuleManager: Shutting down and abandoning module UMGEditor (181)
[2017.05.18-20.07.27:432][933]LogModuleManager: Shutting down and abandoning module Sequencer (180)
[2017.05.18-20.07.27:433][933]LogModuleManager: Shutting down and abandoning module AssetTools (178)
[2017.05.18-20.07.27:434][933]LogModuleManager: Shutting down and abandoning module MessageLog (177)
[2017.05.18-20.07.27:434][933]LogModuleManager: Shutting down and abandoning module WorkspaceMenuStructure (176)
[2017.05.18-20.07.27:434][933]LogModuleManager: Shutting down and abandoning module SlateReflector (170)
[2017.05.18-20.07.27:435][933]LogModuleManager: Shutting down and abandoning module Slate (168)
[2017.05.18-20.07.27:435][933]LogModuleManager: Shutting down and abandoning module EditorStyle (166)
[2017.05.18-20.07.27:439][933]LogModuleManager: Shutting down and abandoning module SourceCodeAccess (164)
[2017.05.18-20.07.27:439][933]LogModuleManager: Shutting down and abandoning module HeadMountedDisplay (162)
[2017.05.18-20.07.27:439][933]LogModuleManager: Shutting down and abandoning module XAudio2 (160)
[2017.05.18-20.07.27:439][933]LogModuleManager: Shutting down and abandoning module Networking (158)
[2017.05.18-20.07.27:439][933]LogModuleManager: Shutting down and abandoning module Core (154)
[2017.05.18-20.07.27:439][933]LogModuleManager: Shutting down and abandoning module AssetRegistry (152)
[2017.05.18-20.07.27:490][933]LogDirectoryWatcher: A directory notification for '../../../Engine/Content/' was aborted.
[2017.05.18-20.07.27:490][933]LogDirectoryWatcher: A directory notification for '../../../../../../Users/Joshua/Desktop/JacuraDevelopment/UnrealProject/Jacura/Content/' was aborted.
[2017.05.18-20.07.27:490][933]LogDirectoryWatcher: A directory notification for '../../../Engine/Plugins/2D/Paper2D/Content/' was aborted.
[2017.05.18-20.07.27:490][933]LogModuleManager: Shutting down and abandoning module DirectoryWatcher (151)
[2017.05.18-20.07.27:491][933]LogModuleManager: Shutting down and abandoning module KismetCompiler (148)
[2017.05.18-20.07.27:491][933]LogModuleManager: Shutting down and abandoning module PhysXFormats (146)
[2017.05.18-20.07.27:491][933]LogModuleManager: Shutting down and abandoning module MeshUtilities (144)
[2017.05.18-20.07.27:491][933]LogModuleManager: Shutting down and abandoning module SimplygonSwarm (143)
[2017.05.18-20.07.27:491][933]LogModuleManager: Shutting down and abandoning module SimplygonMeshReduction (141)
[2017.05.18-20.07.27:491][933]LogModuleManager: Shutting down and abandoning module QuadricMeshReduction (139)
[2017.05.18-20.07.27:491][933]LogModuleManager: Shutting down and abandoning module PropertyEditor (137)
[2017.05.18-20.07.27:491][933]LogModuleManager: Shutting down and abandoning module DerivedDataCache (134)
[2017.05.18-20.07.27:515][933]LogDerivedDataCache: Shutdown
[2017.05.18-20.07.27:515][933]LogModuleManager: Shutting down and abandoning module TargetPlatform (132)
[2017.05.18-20.07.27:515][933]LogModuleManager: Shutting down and abandoning module VulkanShaderFormat (131)
[2017.05.18-20.07.27:515][933]LogModuleManager: Shutting down and abandoning module ShaderFormatOpenGL (129)
[2017.05.18-20.07.27:517][933]LogModuleManager: Shutting down and abandoning module ShaderFormatD3D (127)
[2017.05.18-20.07.27:518][933]LogModuleManager: Shutting down and abandoning module MetalShaderFormat (125)
[2017.05.18-20.07.27:518][933]LogModuleManager: Shutting down and abandoning module TextureFormatUncompressed (123)
[2017.05.18-20.07.27:518][933]LogModuleManager: Shutting down and abandoning module TextureFormatPVR (121)
[2017.05.18-20.07.27:518][933]LogModuleManager: Shutting down and abandoning module TextureFormatDXT (119)
[2017.05.18-20.07.27:518][933]LogModuleManager: Shutting down and abandoning module TextureFormatIntelISPCTexComp (117)
[2017.05.18-20.07.27:518][933]LogModuleManager: Shutting down and abandoning module TextureFormatASTC (115)
[2017.05.18-20.07.27:518][933]LogModuleManager: Shutting down and abandoning module ImageWrapper (114)
[2017.05.18-20.07.27:518][933]LogModuleManager: Shutting down and abandoning module TextureFormatAndroid (111)
[2017.05.18-20.07.27:518][933]LogModuleManager: Shutting down and abandoning module AudioFormatOpus (109)
[2017.05.18-20.07.27:518][933]LogModuleManager: Shutting down and abandoning module AudioFormatOgg (107)
[2017.05.18-20.07.27:518][933]LogModuleManager: Shutting down and abandoning module AudioFormatADPCM (105)
[2017.05.18-20.07.27:518][933]LogModuleManager: Shutting down and abandoning module LinuxTargetPlatform (103)
[2017.05.18-20.07.27:518][933]LogModuleManager: Shutting down and abandoning module LinuxServerTargetPlatform (101)
[2017.05.18-20.07.27:518][933]LogModuleManager: Shutting down and abandoning module LinuxNoEditorTargetPlatform (99)
[2017.05.18-20.07.27:518][933]LogModuleManager: Shutting down and abandoning module LinuxClientTargetPlatform (97)
[2017.05.18-20.07.27:518][933]LogModuleManager: Shutting down and abandoning module TVOSTargetPlatform (95)
[2017.05.18-20.07.27:518][933]LogModuleManager: Shutting down and abandoning module Messaging (93)
[2017.05.18-20.07.27:518][933]LogModuleManager: Shutting down and abandoning module IOSTargetPlatform (91)
[2017.05.18-20.07.27:518][933]LogModuleManager: Shutting down and abandoning module HTML5TargetPlatform (89)
[2017.05.18-20.07.27:518][933]LogModuleManager: Shutting down and abandoning module Android_PVRTCTargetPlatform (87)
[2017.05.18-20.07.27:518][933]LogModuleManager: Shutting down and abandoning module Android_MultiTargetPlatform (85)
[2017.05.18-20.07.27:518][933]LogModuleManager: Shutting down and abandoning module Android_ETC2TargetPlatform (83)
[2017.05.18-20.07.27:518][933]LogModuleManager: Shutting down and abandoning module Android_ETC1TargetPlatform (81)
[2017.05.18-20.07.27:518][933]LogModuleManager: Shutting down and abandoning module Android_DXTTargetPlatform (79)
[2017.05.18-20.07.27:518][933]LogModuleManager: Shutting down and abandoning module Android_ATCTargetPlatform (77)
[2017.05.18-20.07.27:518][933]LogModuleManager: Shutting down and abandoning module Android_ASTCTargetPlatform (75)
[2017.05.18-20.07.27:518][933]LogModuleManager: Shutting down and abandoning module AndroidTargetPlatform (73)
[2017.05.18-20.07.27:518][933]LogModuleManager: Shutting down and abandoning module WindowsTargetPlatform (71)
[2017.05.18-20.07.27:518][933]LogModuleManager: Shutting down and abandoning module WindowsServerTargetPlatform (69)
[2017.05.18-20.07.27:518][933]LogModuleManager: Shutting down and abandoning module WindowsNoEditorTargetPlatform (67)
[2017.05.18-20.07.27:518][933]LogModuleManager: Shutting down and abandoning module WindowsClientTargetPlatform (65)
[2017.05.18-20.07.27:518][933]LogModuleManager: Shutting down and abandoning module MacTargetPlatform (63)
[2017.05.18-20.07.27:518][933]LogModuleManager: Shutting down and abandoning module MacServerTargetPlatform (61)
[2017.05.18-20.07.27:518][933]LogModuleManager: Shutting down and abandoning module MacNoEditorTargetPlatform (59)
[2017.05.18-20.07.27:518][933]LogModuleManager: Shutting down and abandoning module MacClientTargetPlatform (57)
[2017.05.18-20.07.27:519][933]LogModuleManager: Shutting down and abandoning module AllDesktopTargetPlatform (55)
[2017.05.18-20.07.27:519][933]LogModuleManager: Shutting down and abandoning module InputCore (52)
[2017.05.18-20.07.27:519][933]LogModuleManager: Shutting down and abandoning module Settings (50)
[2017.05.18-20.07.27:519][933]LogModuleManager: Shutting down and abandoning module OculusRift (48)
[2017.05.18-20.07.27:519][933]LogModuleManager: Shutting down and abandoning module GearVR (46)
[2017.05.18-20.07.27:519][933]LogModuleManager: Shutting down and abandoning module ExampleDeviceProfileSelector (44)
[2017.05.18-20.07.27:519][933]LogModuleManager: Shutting down and abandoning module OnlineBlueprintSupport (42)
[2017.05.18-20.07.27:519][933]LogModuleManager: Shutting down and abandoning module OnlineSubsystem (38)
[2017.05.18-20.07.27:519][933]LogOnline:Display: Unloading online subsystem: NULL
[2017.05.18-20.07.27:519][933]LogModuleManager: Shutting down and abandoning module XMPP (37)
[2017.05.18-20.07.27:520][933]LogModuleManager: Shutting down and abandoning module HTTP (35)
[2017.05.18-20.07.27:520][933]LogHttp:Display: Http module shutting down, but needs to wait on 1 outstanding Http requests:
[2017.05.18-20.07.27:520][933]LogHttp:Display: 	verb=[POST] url=[https://datarouter.ol.epicgames.com/datarouter/api/v1/public/data?SessionID=%7B5D8301ED-4868-CCF5-7CB8-E79B21488F8A%7D&AppID=UEEditor.Rocket.Release&AppVersion=4.15.2-3416026%2B%2B%2BUE4%2BRelease-4.15&UserID=4b8286fd4599eee859904bbd7b390607%7C11094611a45c49bdaba5c9197cf22766%7C6fa53b29-a94e-473e-9bd1-8e1b9e7dc883&AppEnvironment=datacollector-binary&UploadType=eteventstream] status=Processing
[2017.05.18-20.07.27:526][933]LogModuleManager: Shutting down and abandoning module SSL (34)
[2017.05.18-20.07.27:527][933]LogModuleManager: Shutting down and abandoning module AudioEditor (30)
[2017.05.18-20.07.27:527][933]LogModuleManager: Shutting down and abandoning module TextureCompressor (28)
[2017.05.18-20.07.27:527][933]LogModuleManager: Shutting down and abandoning module ShaderCore (26)
[2017.05.18-20.07.27:527][933]LogModuleManager: Shutting down and abandoning module Landscape (24)
[2017.05.18-20.07.27:527][933]LogModuleManager: Shutting down and abandoning module SlateRHIRenderer (22)
[2017.05.18-20.07.27:528][933]LogModuleManager: Shutting down and abandoning module OpenGLDrv (20)
[2017.05.18-20.07.27:528][933]LogModuleManager: Shutting down and abandoning module D3D11RHI (18)
[2017.05.18-20.07.27:528][933]LogModuleManager: Shutting down and abandoning module AnimGraphRuntime (16)
[2017.05.18-20.07.27:528][933]LogModuleManager: Shutting down and abandoning module Renderer (14)
[2017.05.18-20.07.27:528][933]LogModuleManager: Shutting down and abandoning module Engine (12)
[2017.05.18-20.07.27:528][933]LogModuleManager: Shutting down and abandoning module CoreUObject (10)
[2017.05.18-20.07.27:528][933]LogModuleManager: Shutting down and abandoning module NetworkFile (8)
[2017.05.18-20.07.27:528][933]LogModuleManager: Shutting down and abandoning module StreamingFile (6)
[2017.05.18-20.07.27:528][933]LogModuleManager: Shutting down and abandoning module SandboxFile (4)
[2017.05.18-20.07.27:528][933]LogModuleManager: Shutting down and abandoning module PakFile (2)
[2017.05.18-20.07.27:530][933]LogExit: Exiting.
[2017.05.18-20.07.27:541][933]Log file closed, 05/18/17 15:07:27
